Release 14.7 - ngc2edif P.20131013 (lin64)
Copyright (c) 1995-2013 Xilinx, Inc.  All rights reserved.
Reading design ocs.ngc ...
WARNING:NetListWriters:298 - No output is written to ocs.xncf, ignored.
Processing design ...
   Preping design's networks ...
   Preping design's macros ...
WARNING:NetListWriters:306 - Signal bus timings_640x480/n0029<9 : 0> on block
   ocs is not reconstructed, because there are some missing bus signals.
  finished :Prep
Writing EDIF netlist file ocs.edif ...
ngc2edif: Total memory usage is 92504 kilobytes

Release 14.7 - ngc2edif P.20131013 (lin64)
Copyright (c) 1995-2013 Xilinx, Inc.  All rights reserved.
Reading design ocs.ngc ...
WARNING:NetListWriters:298 - No output is written to ocs.xncf, ignored.
Processing design ...
   Preping design's networks ...
   Preping design's macros ...
WARNING:NetListWriters:306 - Signal bus timings_640x480/n0029<9 : 0> on block
   ocs is not reconstructed, because there are some missing bus signals.
  finished :Prep
Writing EDIF netlist file ocs.edif ...
ngc2edif: Total memory usage is 92504 kilobytes

Release 14.7 - ngc2edif P.20131013 (lin64)
Copyright (c) 1995-2013 Xilinx, Inc.  All rights reserved.
Reading design ocs.ngc ...
WARNING:NetListWriters:298 - No output is written to ocs.xncf, ignored.
Processing design ...
   Preping design's networks ...
   Preping design's macros ...
WARNING:NetListWriters:306 - Signal bus timings_640x480/n0029<9 : 0> on block
   ocs is not reconstructed, because there are some missing bus signals.
  finished :Prep
Writing EDIF netlist file ocs.edif ...
ngc2edif: Total memory usage is 92504 kilobytes

