Analysis & Synthesis report for 68k_glue
Fri Jan 22 20:01:06 2021
Quartus II 64-Bit Version 13.0.1 Build 232 06/12/2013 Service Pack 1 SJ Web Edition


---------------------
; Table of Contents ;
---------------------
  1. Legal Notice
  2. Analysis & Synthesis Summary
  3. Analysis & Synthesis Settings
  4. Parallel Compilation
  5. Analysis & Synthesis Source Files Read
  6. Analysis & Synthesis Resource Usage Summary
  7. Analysis & Synthesis Resource Utilization by Entity
  8. User-Specified and Inferred Latches
  9. Parameter Settings for User Entity Instance: Top-level Entity: |glue
 10. Parameter Settings for User Entity Instance: SPI_Master:SPI_Master_Inst
 11. Parameter Settings for Inferred Entity Instance: lpm_counter:counter_rtl_0
 12. Parameter Settings for Inferred Entity Instance: SPI_Master:SPI_Master_Inst|lpm_add_sub:Add1
 13. Parameter Settings for Inferred Entity Instance: SPI_Master:SPI_Master_Inst|lpm_add_sub:Add0
 14. Analysis & Synthesis Messages
 15. Analysis & Synthesis Suppressed Messages



----------------
; Legal Notice ;
----------------
Copyright (C) 1991-2013 Altera Corporation
Your use of Altera Corporation's design tools, logic functions 
and other software and tools, and its AMPP partner logic 
functions, and any output files from any of the foregoing 
(including device programming or simulation files), and any 
associated documentation or information are expressly subject 
to the terms and conditions of the Altera Program License 
Subscription Agreement, Altera MegaCore Function License 
Agreement, or other applicable license agreement, including, 
without limitation, that your use is for the sole purpose of 
programming logic devices manufactured by Altera and sold by 
Altera or its authorized distributors.  Please refer to the 
applicable agreement for further details.



+-------------------------------------------------------------------------------+
; Analysis & Synthesis Summary                                                  ;
+-----------------------------+-------------------------------------------------+
; Analysis & Synthesis Status ; Successful - Fri Jan 22 20:01:06 2021           ;
; Quartus II 64-Bit Version   ; 13.0.1 Build 232 06/12/2013 SP 1 SJ Web Edition ;
; Revision Name               ; 68k_glue                                        ;
; Top-level Entity Name       ; glue                                            ;
; Family                      ; MAX7000S                                        ;
; Total macrocells            ; 125                                             ;
; Total pins                  ; 64                                              ;
+-----------------------------+-------------------------------------------------+


+--------------------------------------------------------------------------------------------------------------+
; Analysis & Synthesis Settings                                                                                ;
+----------------------------------------------------------------------------+-----------------+---------------+
; Option                                                                     ; Setting         ; Default Value ;
+----------------------------------------------------------------------------+-----------------+---------------+
; Device                                                                     ; EPM7128SLC84-15 ;               ;
; Top-level entity name                                                      ; glue            ; 68k_glue      ;
; Family name                                                                ; MAX7000S        ; Cyclone IV GX ;
; Use smart compilation                                                      ; Off             ; Off           ;
; Enable parallel Assembler and TimeQuest Timing Analyzer during compilation ; On              ; On            ;
; Enable compact report table                                                ; Off             ; Off           ;
; Create Debugging Nodes for IP Cores                                        ; Off             ; Off           ;
; Preserve fewer node names                                                  ; On              ; On            ;
; Disable OpenCore Plus hardware evaluation                                  ; Off             ; Off           ;
; Verilog Version                                                            ; Verilog_2001    ; Verilog_2001  ;
; VHDL Version                                                               ; VHDL_1993       ; VHDL_1993     ;
; State Machine Processing                                                   ; Auto            ; Auto          ;
; Safe State Machine                                                         ; Off             ; Off           ;
; Extract Verilog State Machines                                             ; On              ; On            ;
; Extract VHDL State Machines                                                ; On              ; On            ;
; Ignore Verilog initial constructs                                          ; Off             ; Off           ;
; Iteration limit for constant Verilog loops                                 ; 5000            ; 5000          ;
; Iteration limit for non-constant Verilog loops                             ; 250             ; 250           ;
; Add Pass-Through Logic to Inferred RAMs                                    ; On              ; On            ;
; Infer RAMs from Raw Logic                                                  ; On              ; On            ;
; Parallel Synthesis                                                         ; On              ; On            ;
; NOT Gate Push-Back                                                         ; On              ; On            ;
; Power-Up Don't Care                                                        ; On              ; On            ;
; Remove Duplicate Registers                                                 ; On              ; On            ;
; Ignore CARRY Buffers                                                       ; Off             ; Off           ;
; Ignore CASCADE Buffers                                                     ; Off             ; Off           ;
; Ignore GLOBAL Buffers                                                      ; Off             ; Off           ;
; Ignore ROW GLOBAL Buffers                                                  ; Off             ; Off           ;
; Ignore LCELL Buffers                                                       ; Auto            ; Auto          ;
; Ignore SOFT Buffers                                                        ; Off             ; Off           ;
; Limit AHDL Integers to 32 Bits                                             ; Off             ; Off           ;
; Optimization Technique                                                     ; Speed           ; Speed         ;
; Allow XOR Gate Usage                                                       ; On              ; On            ;
; Auto Logic Cell Insertion                                                  ; On              ; On            ;
; Parallel Expander Chain Length                                             ; 4               ; 4             ;
; Auto Parallel Expanders                                                    ; On              ; On            ;
; Auto Open-Drain Pins                                                       ; On              ; On            ;
; Auto Resource Sharing                                                      ; Off             ; Off           ;
; Maximum Fan-in Per Macrocell                                               ; 100             ; 100           ;
; Use LogicLock Constraints during Resource Balancing                        ; On              ; On            ;
; Ignore translate_off and synthesis_off directives                          ; Off             ; Off           ;
; Report Parameter Settings                                                  ; On              ; On            ;
; Report Source Assignments                                                  ; On              ; On            ;
; Report Connectivity Checks                                                 ; On              ; On            ;
; HDL message level                                                          ; Level2          ; Level2        ;
; Suppress Register Optimization Related Messages                            ; Off             ; Off           ;
; Number of Removed Registers Reported in Synthesis Report                   ; 5000            ; 5000          ;
; Number of Swept Nodes Reported in Synthesis Report                         ; 5000            ; 5000          ;
; Number of Inverted Registers Reported in Synthesis Report                  ; 100             ; 100           ;
; Block Design Naming                                                        ; Auto            ; Auto          ;
; Synthesis Effort                                                           ; Auto            ; Auto          ;
; Shift Register Replacement - Allow Asynchronous Clear Signal               ; On              ; On            ;
; Pre-Mapping Resynthesis Optimization                                       ; Off             ; Off           ;
; Analysis & Synthesis Message Level                                         ; Medium          ; Medium        ;
; Disable Register Merging Across Hierarchies                                ; Auto            ; Auto          ;
; Synthesis Seed                                                             ; 1               ; 1             ;
+----------------------------------------------------------------------------+-----------------+---------------+


Parallel compilation was disabled, but you have multiple processors available. Enable parallel compilation to reduce compilation time.
+-------------------------------------+
; Parallel Compilation                ;
+----------------------------+--------+
; Processors                 ; Number ;
+----------------------------+--------+
; Number detected on machine ; 24     ;
; Maximum allowed            ; 1      ;
+----------------------------+--------+


+-------------------------------------------------------------------------------------------------------------------------------------------------------------------------------------------------+
; Analysis & Synthesis Source Files Read                                                                                                                                                          ;
+----------------------------------+-----------------+------------------------+---------------------------------------------------------------------------------------------------------+---------+
; File Name with User-Entered Path ; Used in Netlist ; File Type              ; File Name with Absolute Path                                                                            ; Library ;
+----------------------------------+-----------------+------------------------+---------------------------------------------------------------------------------------------------------+---------+
; 68k_glue.v                       ; yes             ; User Verilog HDL File  ; /home/eddie/work/68000/hardware/cpld/68k_glue.v                                                         ;         ;
; SPI_Master.v                     ; yes             ; User Verilog HDL File  ; /home/eddie/work/68000/hardware/cpld/SPI_Master.v                                                       ;         ;
; lpm_counter.tdf                  ; yes             ; Megafunction           ; /home/eddie/Applications/intelFPGA_lite/13.0sp1/quartus/libraries/megafunctions/lpm_counter.tdf         ;         ;
; lpm_constant.inc                 ; yes             ; Megafunction           ; /home/eddie/Applications/intelFPGA_lite/13.0sp1/quartus/libraries/megafunctions/lpm_constant.inc        ;         ;
; lpm_decode.inc                   ; yes             ; Megafunction           ; /home/eddie/Applications/intelFPGA_lite/13.0sp1/quartus/libraries/megafunctions/lpm_decode.inc          ;         ;
; lpm_add_sub.inc                  ; yes             ; Megafunction           ; /home/eddie/Applications/intelFPGA_lite/13.0sp1/quartus/libraries/megafunctions/lpm_add_sub.inc         ;         ;
; cmpconst.inc                     ; yes             ; Megafunction           ; /home/eddie/Applications/intelFPGA_lite/13.0sp1/quartus/libraries/megafunctions/cmpconst.inc            ;         ;
; lpm_compare.inc                  ; yes             ; Megafunction           ; /home/eddie/Applications/intelFPGA_lite/13.0sp1/quartus/libraries/megafunctions/lpm_compare.inc         ;         ;
; lpm_counter.inc                  ; yes             ; Megafunction           ; /home/eddie/Applications/intelFPGA_lite/13.0sp1/quartus/libraries/megafunctions/lpm_counter.inc         ;         ;
; dffeea.inc                       ; yes             ; Megafunction           ; /home/eddie/Applications/intelFPGA_lite/13.0sp1/quartus/libraries/megafunctions/dffeea.inc              ;         ;
; alt_counter_stratix.inc          ; yes             ; Megafunction           ; /home/eddie/Applications/intelFPGA_lite/13.0sp1/quartus/libraries/megafunctions/alt_counter_stratix.inc ;         ;
; aglobal130.inc                   ; yes             ; Megafunction           ; /home/eddie/Applications/intelFPGA_lite/13.0sp1/quartus/libraries/megafunctions/aglobal130.inc          ;         ;
; lpm_add_sub.tdf                  ; yes             ; Megafunction           ; /home/eddie/Applications/intelFPGA_lite/13.0sp1/quartus/libraries/megafunctions/lpm_add_sub.tdf         ;         ;
; addcore.inc                      ; yes             ; Megafunction           ; /home/eddie/Applications/intelFPGA_lite/13.0sp1/quartus/libraries/megafunctions/addcore.inc             ;         ;
; look_add.inc                     ; yes             ; Megafunction           ; /home/eddie/Applications/intelFPGA_lite/13.0sp1/quartus/libraries/megafunctions/look_add.inc            ;         ;
; bypassff.inc                     ; yes             ; Megafunction           ; /home/eddie/Applications/intelFPGA_lite/13.0sp1/quartus/libraries/megafunctions/bypassff.inc            ;         ;
; altshift.inc                     ; yes             ; Megafunction           ; /home/eddie/Applications/intelFPGA_lite/13.0sp1/quartus/libraries/megafunctions/altshift.inc            ;         ;
; alt_stratix_add_sub.inc          ; yes             ; Megafunction           ; /home/eddie/Applications/intelFPGA_lite/13.0sp1/quartus/libraries/megafunctions/alt_stratix_add_sub.inc ;         ;
; addcore.tdf                      ; yes             ; Megafunction           ; /home/eddie/Applications/intelFPGA_lite/13.0sp1/quartus/libraries/megafunctions/addcore.tdf             ;         ;
; a_csnbuffer.inc                  ; yes             ; Megafunction           ; /home/eddie/Applications/intelFPGA_lite/13.0sp1/quartus/libraries/megafunctions/a_csnbuffer.inc         ;         ;
; a_csnbuffer.tdf                  ; yes             ; Megafunction           ; /home/eddie/Applications/intelFPGA_lite/13.0sp1/quartus/libraries/megafunctions/a_csnbuffer.tdf         ;         ;
; altshift.tdf                     ; yes             ; Megafunction           ; /home/eddie/Applications/intelFPGA_lite/13.0sp1/quartus/libraries/megafunctions/altshift.tdf            ;         ;
+----------------------------------+-----------------+------------------------+---------------------------------------------------------------------------------------------------------+---------+


+---------------------------------------------+
; Analysis & Synthesis Resource Usage Summary ;
+----------------------+----------------------+
; Resource             ; Usage                ;
+----------------------+----------------------+
; Logic cells          ; 125                  ;
; Total registers      ; 61                   ;
; I/O pins             ; 64                   ;
; Shareable expanders  ; 4                    ;
; Parallel expanders   ; 9                    ;
; Maximum fan-out node ; as                   ;
; Maximum fan-out      ; 68                   ;
; Total fan-out        ; 1126                 ;
; Average fan-out      ; 5.83                 ;
+----------------------+----------------------+


+-------------------------------------------------------------------------------------------------------+
; Analysis & Synthesis Resource Utilization by Entity                                                   ;
+---------------------------------+------------+------+----------------------------------+--------------+
; Compilation Hierarchy Node      ; Macrocells ; Pins ; Full Hierarchy Name              ; Library Name ;
+---------------------------------+------------+------+----------------------------------+--------------+
; |glue                           ; 125        ; 64   ; |glue                            ; work         ;
;    |SPI_Master:SPI_Master_Inst| ; 45         ; 0    ; |glue|SPI_Master:SPI_Master_Inst ; work         ;
;    |lpm_counter:counter_rtl_0|  ; 21         ; 0    ; |glue|lpm_counter:counter_rtl_0  ; work         ;
+---------------------------------+------------+------+----------------------------------+--------------+


+-------------------------------------------------------------------------------------------------------------------+
; User-Specified and Inferred Latches                                                                               ;
+-----------------------------------------------------+------------------------------------+------------------------+
; Latch Name                                          ; Latch Enable Signal                ; Free of Timing Hazards ;
+-----------------------------------------------------+------------------------------------+------------------------+
; status[3]                                           ; status[3]                          ; yes                    ;
; status[4]                                           ; status[3]                          ; yes                    ;
; status[2]                                           ; status[3]                          ; yes                    ;
; r_Master_TX_Byte[7]                                 ; r_Master_TX_Byte[0]                ; yes                    ;
; r_Master_TX_Byte[6]                                 ; r_Master_TX_Byte[0]                ; yes                    ;
; r_Master_TX_Byte[5]                                 ; r_Master_TX_Byte[0]                ; yes                    ;
; r_Master_TX_Byte[4]                                 ; r_Master_TX_Byte[0]                ; yes                    ;
; r_Master_TX_Byte[3]                                 ; r_Master_TX_Byte[0]                ; yes                    ;
; r_Master_TX_Byte[2]                                 ; r_Master_TX_Byte[0]                ; yes                    ;
; r_Master_TX_Byte[1]                                 ; r_Master_TX_Byte[0]                ; yes                    ;
; r_Master_TX_Byte[0]                                 ; r_Master_TX_Byte[0]                ; yes                    ;
; buffer[0]                                           ; buffer[0]                          ; yes                    ;
; buffer[1]                                           ; buffer[0]                          ; yes                    ;
; buffer[2]                                           ; buffer[0]                          ; yes                    ;
; buffer[3]                                           ; buffer[0]                          ; yes                    ;
; buffer[4]                                           ; buffer[0]                          ; yes                    ;
; buffer[5]                                           ; buffer[0]                          ; yes                    ;
; buffer[6]                                           ; buffer[0]                          ; yes                    ;
; buffer[7]                                           ; buffer[0]                          ; yes                    ;
; datain[0]                                           ; SPI_Master:SPI_Master_Inst|o_RX_DV ; yes                    ;
; dataout[0]                                          ; r_Master_TX_Byte[0]                ; yes                    ;
; datain[1]                                           ; SPI_Master:SPI_Master_Inst|o_RX_DV ; yes                    ;
; status[1]                                           ; status[1]                          ; yes                    ;
; dataout[1]                                          ; r_Master_TX_Byte[0]                ; yes                    ;
; datain[2]                                           ; SPI_Master:SPI_Master_Inst|o_RX_DV ; yes                    ;
; dataout[2]                                          ; r_Master_TX_Byte[0]                ; yes                    ;
; datain[3]                                           ; SPI_Master:SPI_Master_Inst|o_RX_DV ; yes                    ;
; dataout[3]                                          ; r_Master_TX_Byte[0]                ; yes                    ;
; datain[4]                                           ; SPI_Master:SPI_Master_Inst|o_RX_DV ; yes                    ;
; dataout[4]                                          ; r_Master_TX_Byte[0]                ; yes                    ;
; datain[5]                                           ; SPI_Master:SPI_Master_Inst|o_RX_DV ; yes                    ;
; dataout[5]                                          ; r_Master_TX_Byte[0]                ; yes                    ;
; datain[6]                                           ; SPI_Master:SPI_Master_Inst|o_RX_DV ; yes                    ;
; dataout[6]                                          ; r_Master_TX_Byte[0]                ; yes                    ;
; datain[7]                                           ; SPI_Master:SPI_Master_Inst|o_RX_DV ; yes                    ;
; dataout[7]                                          ; r_Master_TX_Byte[0]                ; yes                    ;
; Number of user-specified and inferred latches = 36  ;                                    ;                        ;
+-----------------------------------------------------+------------------------------------+------------------------+
Note: All latches listed above may not be present at the end of synthesis due to various synthesis optimizations.


+----------------------------------------------------------------------+
; Parameter Settings for User Entity Instance: Top-level Entity: |glue ;
+-------------------+-------+------------------------------------------+
; Parameter Name    ; Value ; Type                                     ;
+-------------------+-------+------------------------------------------+
; SPI_MODE          ; 3     ; Signed Integer                           ;
; CLKS_PER_HALF_BIT ; 10    ; Signed Integer                           ;
+-------------------+-------+------------------------------------------+
Note: In order to hide this table in the UI and the text report file, please set the "Show Parameter Settings in Synthesis Report" option in "Analysis and Synthesis Settings -> More Settings" to "Off".


+-------------------------------------------------------------------------+
; Parameter Settings for User Entity Instance: SPI_Master:SPI_Master_Inst ;
+-------------------+-------+---------------------------------------------+
; Parameter Name    ; Value ; Type                                        ;
+-------------------+-------+---------------------------------------------+
; SPI_MODE          ; 3     ; Signed Integer                              ;
; CLKS_PER_HALF_BIT ; 10    ; Signed Integer                              ;
+-------------------+-------+---------------------------------------------+
Note: In order to hide this table in the UI and the text report file, please set the "Show Parameter Settings in Synthesis Report" option in "Analysis and Synthesis Settings -> More Settings" to "Off".


+----------------------------------------------------------------------------+
; Parameter Settings for Inferred Entity Instance: lpm_counter:counter_rtl_0 ;
+------------------------+-------------------+-------------------------------+
; Parameter Name         ; Value             ; Type                          ;
+------------------------+-------------------+-------------------------------+
; AUTO_CARRY_CHAINS      ; ON                ; AUTO_CARRY                    ;
; IGNORE_CARRY_BUFFERS   ; OFF               ; IGNORE_CARRY                  ;
; AUTO_CASCADE_CHAINS    ; ON                ; AUTO_CASCADE                  ;
; IGNORE_CASCADE_BUFFERS ; OFF               ; IGNORE_CASCADE                ;
; LPM_WIDTH              ; 21                ; Untyped                       ;
; LPM_DIRECTION          ; UP                ; Untyped                       ;
; LPM_MODULUS            ; 0                 ; Untyped                       ;
; LPM_AVALUE             ; UNUSED            ; Untyped                       ;
; LPM_SVALUE             ; UNUSED            ; Untyped                       ;
; LPM_PORT_UPDOWN        ; PORT_CONNECTIVITY ; Untyped                       ;
; DEVICE_FAMILY          ; MAX7000S          ; Untyped                       ;
; CARRY_CHAIN            ; MANUAL            ; Untyped                       ;
; CARRY_CHAIN_LENGTH     ; 48                ; CARRY_CHAIN_LENGTH            ;
; NOT_GATE_PUSH_BACK     ; ON                ; NOT_GATE_PUSH_BACK            ;
; CARRY_CNT_EN           ; SMART             ; Untyped                       ;
; LABWIDE_SCLR           ; ON                ; Untyped                       ;
; USE_NEW_VERSION        ; TRUE              ; Untyped                       ;
; CBXI_PARAMETER         ; NOTHING           ; Untyped                       ;
+------------------------+-------------------+-------------------------------+
Note: In order to hide this table in the UI and the text report file, please set the "Show Parameter Settings in Synthesis Report" option in "Analysis and Synthesis Settings -> More Settings" to "Off".


+----------------------------------------------------------------------------------------------+
; Parameter Settings for Inferred Entity Instance: SPI_Master:SPI_Master_Inst|lpm_add_sub:Add1 ;
+------------------------+-------------+-------------------------------------------------------+
; Parameter Name         ; Value       ; Type                                                  ;
+------------------------+-------------+-------------------------------------------------------+
; LPM_WIDTH              ; 5           ; Untyped                                               ;
; LPM_REPRESENTATION     ; UNSIGNED    ; Untyped                                               ;
; LPM_DIRECTION          ; ADD         ; Untyped                                               ;
; ONE_INPUT_IS_CONSTANT  ; YES         ; Untyped                                               ;
; LPM_PIPELINE           ; 0           ; Untyped                                               ;
; MAXIMIZE_SPEED         ; 5           ; Untyped                                               ;
; REGISTERED_AT_END      ; 0           ; Untyped                                               ;
; OPTIMIZE_FOR_SPEED     ; 5           ; Untyped                                               ;
; USE_CS_BUFFERS         ; 1           ; Untyped                                               ;
; CARRY_CHAIN            ; MANUAL      ; Untyped                                               ;
; CARRY_CHAIN_LENGTH     ; 48          ; CARRY_CHAIN_LENGTH                                    ;
; DEVICE_FAMILY          ; MAX7000S    ; Untyped                                               ;
; USE_WYS                ; OFF         ; Untyped                                               ;
; STYLE                  ; FAST        ; Untyped                                               ;
; CBXI_PARAMETER         ; add_sub_onh ; Untyped                                               ;
; AUTO_CARRY_CHAINS      ; ON          ; AUTO_CARRY                                            ;
; IGNORE_CARRY_BUFFERS   ; OFF         ; IGNORE_CARRY                                          ;
; AUTO_CASCADE_CHAINS    ; ON          ; AUTO_CASCADE                                          ;
; IGNORE_CASCADE_BUFFERS ; OFF         ; IGNORE_CASCADE                                        ;
+------------------------+-------------+-------------------------------------------------------+
Note: In order to hide this table in the UI and the text report file, please set the "Show Parameter Settings in Synthesis Report" option in "Analysis and Synthesis Settings -> More Settings" to "Off".


+----------------------------------------------------------------------------------------------+
; Parameter Settings for Inferred Entity Instance: SPI_Master:SPI_Master_Inst|lpm_add_sub:Add0 ;
+------------------------+-------------+-------------------------------------------------------+
; Parameter Name         ; Value       ; Type                                                  ;
+------------------------+-------------+-------------------------------------------------------+
; LPM_WIDTH              ; 5           ; Untyped                                               ;
; LPM_REPRESENTATION     ; UNSIGNED    ; Untyped                                               ;
; LPM_DIRECTION          ; ADD         ; Untyped                                               ;
; ONE_INPUT_IS_CONSTANT  ; YES         ; Untyped                                               ;
; LPM_PIPELINE           ; 0           ; Untyped                                               ;
; MAXIMIZE_SPEED         ; 5           ; Untyped                                               ;
; REGISTERED_AT_END      ; 0           ; Untyped                                               ;
; OPTIMIZE_FOR_SPEED     ; 5           ; Untyped                                               ;
; USE_CS_BUFFERS         ; 1           ; Untyped                                               ;
; CARRY_CHAIN            ; MANUAL      ; Untyped                                               ;
; CARRY_CHAIN_LENGTH     ; 48          ; CARRY_CHAIN_LENGTH                                    ;
; DEVICE_FAMILY          ; MAX7000S    ; Untyped                                               ;
; USE_WYS                ; OFF         ; Untyped                                               ;
; STYLE                  ; FAST        ; Untyped                                               ;
; CBXI_PARAMETER         ; add_sub_uch ; Untyped                                               ;
; AUTO_CARRY_CHAINS      ; ON          ; AUTO_CARRY                                            ;
; IGNORE_CARRY_BUFFERS   ; OFF         ; IGNORE_CARRY                                          ;
; AUTO_CASCADE_CHAINS    ; ON          ; AUTO_CASCADE                                          ;
; IGNORE_CASCADE_BUFFERS ; OFF         ; IGNORE_CASCADE                                        ;
+------------------------+-------------+-------------------------------------------------------+
Note: In order to hide this table in the UI and the text report file, please set the "Show Parameter Settings in Synthesis Report" option in "Analysis and Synthesis Settings -> More Settings" to "Off".


+-------------------------------+
; Analysis & Synthesis Messages ;
+-------------------------------+
Info: *******************************************************************
Info: Running Quartus II 64-Bit Analysis & Synthesis
    Info: Version 13.0.1 Build 232 06/12/2013 Service Pack 1 SJ Web Edition
    Info: Processing started: Fri Jan 22 20:01:05 2021
Info: Command: quartus_map --read_settings_files=on --write_settings_files=off 68k_glue -c 68k_glue
Warning (20028): Parallel compilation is not licensed and has been disabled
Info (12021): Found 1 design units, including 1 entities, in source file 68k_glue.v
    Info (12023): Found entity 1: glue
Info (12021): Found 1 design units, including 1 entities, in source file SPI_Master.v
    Info (12023): Found entity 1: SPI_Master
Info (12127): Elaborating entity "glue" for the top level hierarchy
Warning (10230): Verilog HDL assignment warning at 68k_glue.v(49): truncated value with size 32 to match size of target (21)
Warning (10235): Verilog HDL Always Construct warning at 68k_glue.v(130): variable "as" is read inside the Always Construct but isn't in the Always Construct's Event Control
Warning (10235): Verilog HDL Always Construct warning at 68k_glue.v(130): variable "rw" is read inside the Always Construct but isn't in the Always Construct's Event Control
Warning (10235): Verilog HDL Always Construct warning at 68k_glue.v(130): variable "lds" is read inside the Always Construct but isn't in the Always Construct's Event Control
Warning (10235): Verilog HDL Always Construct warning at 68k_glue.v(131): variable "as" is read inside the Always Construct but isn't in the Always Construct's Event Control
Warning (10235): Verilog HDL Always Construct warning at 68k_glue.v(131): variable "rw" is read inside the Always Construct but isn't in the Always Construct's Event Control
Warning (10235): Verilog HDL Always Construct warning at 68k_glue.v(131): variable "lds" is read inside the Always Construct but isn't in the Always Construct's Event Control
Warning (10235): Verilog HDL Always Construct warning at 68k_glue.v(132): variable "as" is read inside the Always Construct but isn't in the Always Construct's Event Control
Warning (10235): Verilog HDL Always Construct warning at 68k_glue.v(132): variable "rw" is read inside the Always Construct but isn't in the Always Construct's Event Control
Warning (10235): Verilog HDL Always Construct warning at 68k_glue.v(132): variable "uds" is read inside the Always Construct but isn't in the Always Construct's Event Control
Warning (10235): Verilog HDL Always Construct warning at 68k_glue.v(133): variable "as" is read inside the Always Construct but isn't in the Always Construct's Event Control
Warning (10235): Verilog HDL Always Construct warning at 68k_glue.v(133): variable "rw" is read inside the Always Construct but isn't in the Always Construct's Event Control
Warning (10235): Verilog HDL Always Construct warning at 68k_glue.v(133): variable "uds" is read inside the Always Construct but isn't in the Always Construct's Event Control
Warning (10235): Verilog HDL Always Construct warning at 68k_glue.v(134): variable "as" is read inside the Always Construct but isn't in the Always Construct's Event Control
Warning (10235): Verilog HDL Always Construct warning at 68k_glue.v(134): variable "addr" is read inside the Always Construct but isn't in the Always Construct's Event Control
Warning (10235): Verilog HDL Always Construct warning at 68k_glue.v(134): variable "rw" is read inside the Always Construct but isn't in the Always Construct's Event Control
Warning (10235): Verilog HDL Always Construct warning at 68k_glue.v(135): variable "as" is read inside the Always Construct but isn't in the Always Construct's Event Control
Warning (10235): Verilog HDL Always Construct warning at 68k_glue.v(135): variable "addr" is read inside the Always Construct but isn't in the Always Construct's Event Control
Warning (10235): Verilog HDL Always Construct warning at 68k_glue.v(136): variable "as" is read inside the Always Construct but isn't in the Always Construct's Event Control
Warning (10235): Verilog HDL Always Construct warning at 68k_glue.v(136): variable "addr" is read inside the Always Construct but isn't in the Always Construct's Event Control
Warning (10235): Verilog HDL Always Construct warning at 68k_glue.v(137): variable "as" is read inside the Always Construct but isn't in the Always Construct's Event Control
Warning (10235): Verilog HDL Always Construct warning at 68k_glue.v(137): variable "addr" is read inside the Always Construct but isn't in the Always Construct's Event Control
Warning (10235): Verilog HDL Always Construct warning at 68k_glue.v(138): variable "as" is read inside the Always Construct but isn't in the Always Construct's Event Control
Warning (10235): Verilog HDL Always Construct warning at 68k_glue.v(138): variable "addr" is read inside the Always Construct but isn't in the Always Construct's Event Control
Warning (10235): Verilog HDL Always Construct warning at 68k_glue.v(139): variable "as" is read inside the Always Construct but isn't in the Always Construct's Event Control
Warning (10235): Verilog HDL Always Construct warning at 68k_glue.v(139): variable "addr" is read inside the Always Construct but isn't in the Always Construct's Event Control
Warning (10235): Verilog HDL Always Construct warning at 68k_glue.v(154): variable "as" is read inside the Always Construct but isn't in the Always Construct's Event Control
Warning (10235): Verilog HDL Always Construct warning at 68k_glue.v(154): variable "addr" is read inside the Always Construct but isn't in the Always Construct's Event Control
Warning (10235): Verilog HDL Always Construct warning at 68k_glue.v(155): variable "rdl" is read inside the Always Construct but isn't in the Always Construct's Event Control
Warning (10235): Verilog HDL Always Construct warning at 68k_glue.v(156): variable "addr" is read inside the Always Construct but isn't in the Always Construct's Event Control
Warning (10235): Verilog HDL Always Construct warning at 68k_glue.v(158): variable "w_Master_TX_Ready" is read inside the Always Construct but isn't in the Always Construct's Event Control
Warning (10235): Verilog HDL Always Construct warning at 68k_glue.v(163): variable "datain" is read inside the Always Construct but isn't in the Always Construct's Event Control
Warning (10235): Verilog HDL Always Construct warning at 68k_glue.v(168): variable "dataout" is read inside the Always Construct but isn't in the Always Construct's Event Control
Warning (10270): Verilog HDL Case Statement warning at 68k_glue.v(156): incomplete case statement has no default case item
Warning (10235): Verilog HDL Always Construct warning at 68k_glue.v(173): variable "wrl" is read inside the Always Construct but isn't in the Always Construct's Event Control
Warning (10235): Verilog HDL Always Construct warning at 68k_glue.v(174): variable "addr" is read inside the Always Construct but isn't in the Always Construct's Event Control
Warning (10235): Verilog HDL Always Construct warning at 68k_glue.v(176): variable "data" is read inside the Always Construct but isn't in the Always Construct's Event Control
Warning (10235): Verilog HDL Always Construct warning at 68k_glue.v(179): variable "w_Master_TX_Ready" is read inside the Always Construct but isn't in the Always Construct's Event Control
Warning (10235): Verilog HDL Always Construct warning at 68k_glue.v(180): variable "data" is read inside the Always Construct but isn't in the Always Construct's Event Control
Warning (10235): Verilog HDL Always Construct warning at 68k_glue.v(181): variable "data" is read inside the Always Construct but isn't in the Always Construct's Event Control
Warning (10270): Verilog HDL Case Statement warning at 68k_glue.v(174): incomplete case statement has no default case item
Warning (10235): Verilog HDL Always Construct warning at 68k_glue.v(188): variable "w_Master_RX_DV" is read inside the Always Construct but isn't in the Always Construct's Event Control
Warning (10235): Verilog HDL Always Construct warning at 68k_glue.v(189): variable "w_Master_RX_Byte" is read inside the Always Construct but isn't in the Always Construct's Event Control
Warning (10240): Verilog HDL Always Construct warning at 68k_glue.v(128): inferring latch(es) for variable "buffer", which holds its previous value in one or more paths through the always construct
Warning (10240): Verilog HDL Always Construct warning at 68k_glue.v(128): inferring latch(es) for variable "status", which holds its previous value in one or more paths through the always construct
Warning (10240): Verilog HDL Always Construct warning at 68k_glue.v(128): inferring latch(es) for variable "dataout", which holds its previous value in one or more paths through the always construct
Warning (10240): Verilog HDL Always Construct warning at 68k_glue.v(128): inferring latch(es) for variable "r_Master_TX_Byte", which holds its previous value in one or more paths through the always construct
Warning (10240): Verilog HDL Always Construct warning at 68k_glue.v(128): inferring latch(es) for variable "datain", which holds its previous value in one or more paths through the always construct
Info (10041): Inferred latch for "datain[0]" at 68k_glue.v(128)
Info (10041): Inferred latch for "datain[1]" at 68k_glue.v(128)
Info (10041): Inferred latch for "datain[2]" at 68k_glue.v(128)
Info (10041): Inferred latch for "datain[3]" at 68k_glue.v(128)
Info (10041): Inferred latch for "datain[4]" at 68k_glue.v(128)
Info (10041): Inferred latch for "datain[5]" at 68k_glue.v(128)
Info (10041): Inferred latch for "datain[6]" at 68k_glue.v(128)
Info (10041): Inferred latch for "datain[7]" at 68k_glue.v(128)
Info (10041): Inferred latch for "r_Master_TX_Byte[0]" at 68k_glue.v(128)
Info (10041): Inferred latch for "r_Master_TX_Byte[1]" at 68k_glue.v(128)
Info (10041): Inferred latch for "r_Master_TX_Byte[2]" at 68k_glue.v(128)
Info (10041): Inferred latch for "r_Master_TX_Byte[3]" at 68k_glue.v(128)
Info (10041): Inferred latch for "r_Master_TX_Byte[4]" at 68k_glue.v(128)
Info (10041): Inferred latch for "r_Master_TX_Byte[5]" at 68k_glue.v(128)
Info (10041): Inferred latch for "r_Master_TX_Byte[6]" at 68k_glue.v(128)
Info (10041): Inferred latch for "r_Master_TX_Byte[7]" at 68k_glue.v(128)
Info (10041): Inferred latch for "dataout[0]" at 68k_glue.v(128)
Info (10041): Inferred latch for "dataout[1]" at 68k_glue.v(128)
Info (10041): Inferred latch for "dataout[2]" at 68k_glue.v(128)
Info (10041): Inferred latch for "dataout[3]" at 68k_glue.v(128)
Info (10041): Inferred latch for "dataout[4]" at 68k_glue.v(128)
Info (10041): Inferred latch for "dataout[5]" at 68k_glue.v(128)
Info (10041): Inferred latch for "dataout[6]" at 68k_glue.v(128)
Info (10041): Inferred latch for "dataout[7]" at 68k_glue.v(128)
Info (10041): Inferred latch for "buffer[0]" at 68k_glue.v(128)
Info (10041): Inferred latch for "buffer[1]" at 68k_glue.v(128)
Info (10041): Inferred latch for "buffer[2]" at 68k_glue.v(128)
Info (10041): Inferred latch for "buffer[3]" at 68k_glue.v(128)
Info (10041): Inferred latch for "buffer[4]" at 68k_glue.v(128)
Info (10041): Inferred latch for "buffer[5]" at 68k_glue.v(128)
Info (10041): Inferred latch for "buffer[6]" at 68k_glue.v(128)
Info (10041): Inferred latch for "buffer[7]" at 68k_glue.v(128)
Info (10041): Inferred latch for "status[1]" at 68k_glue.v(188)
Info (10041): Inferred latch for "status[2]" at 68k_glue.v(154)
Info (10041): Inferred latch for "status[3]" at 68k_glue.v(154)
Info (10041): Inferred latch for "status[4]" at 68k_glue.v(154)
Info (12128): Elaborating entity "SPI_Master" for hierarchy "SPI_Master:SPI_Master_Inst"
Warning (10230): Verilog HDL assignment warning at SPI_Master.v(115): truncated value with size 32 to match size of target (5)
Warning (10230): Verilog HDL assignment warning at SPI_Master.v(122): truncated value with size 32 to match size of target (5)
Warning (10230): Verilog HDL assignment warning at SPI_Master.v(124): truncated value with size 32 to match size of target (5)
Warning (10230): Verilog HDL assignment warning at SPI_Master.v(129): truncated value with size 32 to match size of target (5)
Warning (10230): Verilog HDL assignment warning at SPI_Master.v(186): truncated value with size 32 to match size of target (3)
Warning (10230): Verilog HDL assignment warning at SPI_Master.v(215): truncated value with size 32 to match size of target (3)
Info (19000): Inferred 1 megafunctions from design logic
    Info (19001): Inferred lpm_counter megafunction (LPM_WIDTH=21) from the following logic: "counter_rtl_0"
Info (278001): Inferred 2 megafunctions from design logic
    Info (278002): Inferred adder/subtractor megafunction ("lpm_add_sub") from the following logic: "SPI_Master:SPI_Master_Inst|Add1"
    Info (278002): Inferred adder/subtractor megafunction ("lpm_add_sub") from the following logic: "SPI_Master:SPI_Master_Inst|Add0"
Info (12130): Elaborated megafunction instantiation "lpm_counter:counter_rtl_0"
Info (12133): Instantiated megafunction "lpm_counter:counter_rtl_0" with the following parameter:
    Info (12134): Parameter "LPM_WIDTH" = "21"
    Info (12134): Parameter "LPM_DIRECTION" = "UP"
    Info (12134): Parameter "LPM_TYPE" = "LPM_COUNTER"
Info (12130): Elaborated megafunction instantiation "SPI_Master:SPI_Master_Inst|lpm_add_sub:Add1"
Info (12133): Instantiated megafunction "SPI_Master:SPI_Master_Inst|lpm_add_sub:Add1" with the following parameter:
    Info (12134): Parameter "LPM_WIDTH" = "5"
    Info (12134): Parameter "LPM_DIRECTION" = "ADD"
    Info (12134): Parameter "LPM_REPRESENTATION" = "UNSIGNED"
    Info (12134): Parameter "ONE_INPUT_IS_CONSTANT" = "YES"
Info (12131): Elaborated megafunction instantiation "SPI_Master:SPI_Master_Inst|lpm_add_sub:Add1|addcore:adder", which is child of megafunction instantiation "SPI_Master:SPI_Master_Inst|lpm_add_sub:Add1"
Info (12131): Elaborated megafunction instantiation "SPI_Master:SPI_Master_Inst|lpm_add_sub:Add1|addcore:adder|a_csnbuffer:oflow_node", which is child of megafunction instantiation "SPI_Master:SPI_Master_Inst|lpm_add_sub:Add1"
Info (12131): Elaborated megafunction instantiation "SPI_Master:SPI_Master_Inst|lpm_add_sub:Add1|addcore:adder|a_csnbuffer:result_node", which is child of megafunction instantiation "SPI_Master:SPI_Master_Inst|lpm_add_sub:Add1"
Info (12131): Elaborated megafunction instantiation "SPI_Master:SPI_Master_Inst|lpm_add_sub:Add1|addcore:adder|addcore:adder[0]", which is child of megafunction instantiation "SPI_Master:SPI_Master_Inst|lpm_add_sub:Add1"
Info (12131): Elaborated megafunction instantiation "SPI_Master:SPI_Master_Inst|lpm_add_sub:Add1|addcore:adder|addcore:adder[0]|a_csnbuffer:oflow_node", which is child of megafunction instantiation "SPI_Master:SPI_Master_Inst|lpm_add_sub:Add1"
Info (12131): Elaborated megafunction instantiation "SPI_Master:SPI_Master_Inst|lpm_add_sub:Add1|addcore:adder|addcore:adder[0]|a_csnbuffer:result_node", which is child of megafunction instantiation "SPI_Master:SPI_Master_Inst|lpm_add_sub:Add1"
Info (12131): Elaborated megafunction instantiation "SPI_Master:SPI_Master_Inst|lpm_add_sub:Add1|altshift:result_ext_latency_ffs", which is child of megafunction instantiation "SPI_Master:SPI_Master_Inst|lpm_add_sub:Add1"
Info (12131): Elaborated megafunction instantiation "SPI_Master:SPI_Master_Inst|lpm_add_sub:Add1|altshift:carry_ext_latency_ffs", which is child of megafunction instantiation "SPI_Master:SPI_Master_Inst|lpm_add_sub:Add1"
Info (12130): Elaborated megafunction instantiation "SPI_Master:SPI_Master_Inst|lpm_add_sub:Add0"
Info (12133): Instantiated megafunction "SPI_Master:SPI_Master_Inst|lpm_add_sub:Add0" with the following parameter:
    Info (12134): Parameter "LPM_WIDTH" = "5"
    Info (12134): Parameter "LPM_DIRECTION" = "ADD"
    Info (12134): Parameter "LPM_REPRESENTATION" = "UNSIGNED"
    Info (12134): Parameter "ONE_INPUT_IS_CONSTANT" = "YES"
Info (12131): Elaborated megafunction instantiation "SPI_Master:SPI_Master_Inst|lpm_add_sub:Add0|addcore:adder", which is child of megafunction instantiation "SPI_Master:SPI_Master_Inst|lpm_add_sub:Add0"
Info (12131): Elaborated megafunction instantiation "SPI_Master:SPI_Master_Inst|lpm_add_sub:Add0|addcore:adder|addcore:adder[0]", which is child of megafunction instantiation "SPI_Master:SPI_Master_Inst|lpm_add_sub:Add0"
Info (13014): Ignored 12 buffer(s)
    Info (13019): Ignored 12 SOFT buffer(s)
Info (13025): Duplicate LATCH primitives merged into single LATCH primitive
    Info (13026): Duplicate LATCH primitive "dataout[2]" merged with LATCH primitive "r_Master_TX_Byte[2]"
    Info (13026): Duplicate LATCH primitive "dataout[1]" merged with LATCH primitive "r_Master_TX_Byte[1]"
    Info (13026): Duplicate LATCH primitive "dataout[0]" merged with LATCH primitive "r_Master_TX_Byte[0]"
    Info (13026): Duplicate LATCH primitive "dataout[3]" merged with LATCH primitive "r_Master_TX_Byte[3]"
    Info (13026): Duplicate LATCH primitive "dataout[6]" merged with LATCH primitive "r_Master_TX_Byte[6]"
    Info (13026): Duplicate LATCH primitive "dataout[5]" merged with LATCH primitive "r_Master_TX_Byte[5]"
    Info (13026): Duplicate LATCH primitive "dataout[4]" merged with LATCH primitive "r_Master_TX_Byte[4]"
    Info (13026): Duplicate LATCH primitive "dataout[7]" merged with LATCH primitive "r_Master_TX_Byte[7]"
Info (13000): Registers with preset signals will power-up high
Warning (13024): Output pins are stuck at VCC or GND
    Warning (13410): Pin "ipl[0]" is stuck at VCC
    Warning (13410): Pin "ipl[1]" is stuck at VCC
    Warning (13410): Pin "ipl[2]" is stuck at VCC
    Warning (13410): Pin "dtack" is stuck at GND
Warning (21074): Design contains 22 input pin(s) that do not drive logic
    Warning (15610): No output dependent on input pin "addr[3]"
    Warning (15610): No output dependent on input pin "addr[4]"
    Warning (15610): No output dependent on input pin "addr[5]"
    Warning (15610): No output dependent on input pin "addr[6]"
    Warning (15610): No output dependent on input pin "addr[7]"
    Warning (15610): No output dependent on input pin "addr[8]"
    Warning (15610): No output dependent on input pin "addr[9]"
    Warning (15610): No output dependent on input pin "addr[10]"
    Warning (15610): No output dependent on input pin "addr[11]"
    Warning (15610): No output dependent on input pin "addr[12]"
    Warning (15610): No output dependent on input pin "addr[13]"
    Warning (15610): No output dependent on input pin "addr[14]"
    Warning (15610): No output dependent on input pin "addr[15]"
    Warning (15610): No output dependent on input pin "addr[16]"
    Warning (15610): No output dependent on input pin "addr[17]"
    Warning (15610): No output dependent on input pin "addr[18]"
    Warning (15610): No output dependent on input pin "addr[19]"
    Warning (15610): No output dependent on input pin "fc[0]"
    Warning (15610): No output dependent on input pin "fc[1]"
    Warning (15610): No output dependent on input pin "fc[2]"
    Warning (15610): No output dependent on input pin "irq1"
    Warning (15610): No output dependent on input pin "irq2"
Info (21057): Implemented 193 device resources after synthesis - the final resource count might be different
    Info (21058): Implemented 35 input pins
    Info (21059): Implemented 21 output pins
    Info (21060): Implemented 8 bidirectional pins
    Info (21063): Implemented 125 macrocells
    Info (21073): Implemented 4 shareable expanders
Info (144001): Generated suppressed messages file /home/eddie/work/68000/hardware/cpld/output_files/68k_glue.map.smsg
Info: Quartus II 64-Bit Analysis & Synthesis was successful. 0 errors, 83 warnings
    Info: Peak virtual memory: 583 megabytes
    Info: Processing ended: Fri Jan 22 20:01:06 2021
    Info: Elapsed time: 00:00:01
    Info: Total CPU time (on all processors): 00:00:01


+------------------------------------------+
; Analysis & Synthesis Suppressed Messages ;
+------------------------------------------+
The suppressed messages can be found in /home/eddie/work/68000/hardware/cpld/output_files/68k_glue.map.smsg.


